Release 14.7 - xst P.20131013 (nt64)
Copyright (c) 1995-2013 Xilinx, Inc.  All rights reserved.
--> Parameter TMPDIR set to xst/projnav.tmp


Total REAL time to Xst completion: 0.00 secs
Total CPU time to Xst completion: 0.09 secs
 
--> Parameter xsthdpdir set to xst


Total REAL time to Xst completion: 0.00 secs
Total CPU time to Xst completion: 0.09 secs
 
--> Reading design: timer_counter.prj

TABLE OF CONTENTS
  1) Synthesis Options Summary
  2) HDL Compilation
  3) Design Hierarchy Analysis
  4) HDL Analysis
  5) HDL Synthesis
     5.1) HDL Synthesis Report
  6) Advanced HDL Synthesis
     6.1) Advanced HDL Synthesis Report
  7) Low Level Synthesis
  8) Partition Report
  9) Final Report
	9.1) Device utilization summary
	9.2) Partition Resource Summary
	9.3) TIMING REPORT


=========================================================================
*                      Synthesis Options Summary                        *
=========================================================================
---- Source Parameters
Input File Name                    : "timer_counter.prj"
Input Format                       : mixed
Ignore Synthesis Constraint File   : NO

---- Target Parameters
Output File Name                   : "timer_counter"
Output Format                      : NGC
Target Device                      : xc3s100e-4-cp132

---- Source Options
Top Module Name                    : timer_counter
Automatic FSM Extraction           : YES
FSM Encoding Algorithm             : Auto
Safe Implementation                : No
FSM Style                          : LUT
RAM Extraction                     : Yes
RAM Style                          : Auto
ROM Extraction                     : Yes
Mux Style                          : Auto
Decoder Extraction                 : YES
Priority Encoder Extraction        : Yes
Shift Register Extraction          : YES
Logical Shifter Extraction         : YES
XOR Collapsing                     : YES
ROM Style                          : Auto
Mux Extraction                     : Yes
Resource Sharing                   : YES
Asynchronous To Synchronous        : NO
Multiplier Style                   : Auto
Automatic Register Balancing       : No

---- Target Options
Add IO Buffers                     : YES
Global Maximum Fanout              : 100000
Add Generic Clock Buffer(BUFG)     : 24
Register Duplication               : YES
Slice Packing                      : YES
Optimize Instantiated Primitives   : NO
Use Clock Enable                   : Yes
Use Synchronous Set                : Yes
Use Synchronous Reset              : Yes
Pack IO Registers into IOBs        : Auto
Equivalent register Removal        : YES

---- General Options
Optimization Goal                  : Speed
Optimization Effort                : 1
Keep Hierarchy                     : No
Netlist Hierarchy                  : As_Optimized
RTL Output                         : Yes
Global Optimization                : AllClockNets
Read Cores                         : YES
Write Timing Constraints           : NO
Cross Clock Analysis               : NO
Hierarchy Separator                : /
Bus Delimiter                      : <>
Case Specifier                     : Maintain
Slice Utilization Ratio            : 100
BRAM Utilization Ratio             : 100
Verilog 2001                       : YES
Auto BRAM Packing                  : NO
Slice Utilization Ratio Delta      : 5

=========================================================================


=========================================================================
*                          HDL Compilation                              *
=========================================================================
Compiling verilog file "counter.v" in library work
WARNING:HDLCompilers:299 - "counter.v" line 58 Too many digits specified in binary constant
Compiling verilog file "timer_counter.v" in library work
Module <counter> compiled
Module <timer_counter> compiled
No errors in compilation
Analysis of file <"timer_counter.prj"> succeeded.
 

=========================================================================
*                     Design Hierarchy Analysis                         *
=========================================================================
Analyzing hierarchy for module <timer_counter> in library <work>.

Analyzing hierarchy for module <counter> in library <work>.


=========================================================================
*                            HDL Analysis                               *
=========================================================================
Analyzing top module <timer_counter>.
Module <timer_counter> is correct for synthesis.
 
Analyzing module <counter> in library <work>.
WARNING:Xst:1467 - "counter.v" line 63: Reset or set value is not constant in <Q>. It could involve simulation mismatches
Module <counter> is correct for synthesis.
 

=========================================================================
*                           HDL Synthesis                               *
=========================================================================

Performing bidirectional port resolution...

Synthesizing Unit <counter>.
    Related source file is "counter.v".
WARNING:Xst:2475 - Clock and clock enable of counter <Q> are driven by the same logic. The clock enable is removed.
    Found 8-bit up counter for signal <Q>.
    Found 1-bit register for signal <TEMP>.
    Summary:
	inferred   1 Counter(s).
	inferred   1 D-type flip-flop(s).
Unit <counter> synthesized.


Synthesizing Unit <timer_counter>.
    Related source file is "timer_counter.v".
WARNING:Xst:1780 - Signal <TEMP> is never used or assigned. This unconnected signal will be trimmed during the optimization process.
    Found 1-bit register for signal <QCC>.
    Found 1-bit xor2 for signal <CLR_$xor0000> created at line 47.
    Found 1-bit xor2 for signal <CLR_$xor0001> created at line 47.
    Found 1-bit xor2 for signal <CLR_$xor0002> created at line 47.
    Found 1-bit xor2 for signal <CLR_$xor0003> created at line 47.
    Found 1-bit xor2 for signal <CLR_$xor0004> created at line 47.
    Found 1-bit xor2 for signal <CLR_$xor0005> created at line 47.
    Found 1-bit xor2 for signal <CLR_$xor0006> created at line 47.
    Found 1-bit xor2 for signal <CLR_$xor0007> created at line 47.
    Summary:
	inferred   1 D-type flip-flop(s).
Unit <timer_counter> synthesized.


=========================================================================
HDL Synthesis Report

Macro Statistics
# Counters                                             : 1
 8-bit up counter                                      : 1
# Registers                                            : 2
 1-bit register                                        : 2
# Xors                                                 : 8
 1-bit xor2                                            : 8

=========================================================================

=========================================================================
*                       Advanced HDL Synthesis                          *
=========================================================================


=========================================================================
Advanced HDL Synthesis Report

Macro Statistics
# Counters                                             : 1
 8-bit up counter                                      : 1
# Registers                                            : 2
 Flip-Flops                                            : 2
# Xors                                                 : 8
 1-bit xor2                                            : 8

=========================================================================

=========================================================================
*                         Low Level Synthesis                           *
=========================================================================
WARNING:Xst:2677 - Node <TC1/TEMP> of sequential type is unconnected in block <timer_counter>.

Optimizing unit <timer_counter> ...

Mapping all equations...
Building and optimizing final netlist ...
Found area constraint ratio of 100 (+ 5) on block timer_counter, actual ratio is 0.

Final Macro Processing ...

=========================================================================
Final Register Report

Macro Statistics
# Registers                                            : 9
 Flip-Flops                                            : 9

=========================================================================

=========================================================================
*                           Partition Report                            *
=========================================================================

Partition Implementation Status
-------------------------------

  No Partitions were found in this design.

-------------------------------

=========================================================================
*                            Final Report                               *
=========================================================================
Final Results
RTL Top Level Output File Name     : timer_counter.ngr
Top Level Output File Name         : timer_counter
Output Format                      : NGC
Optimization Goal                  : Speed
Keep Hierarchy                     : No

Design Statistics
# IOs                              : 18

Cell Usage :
# BELS                             : 30
#      GND                         : 1
#      INV                         : 1
#      LUT1                        : 7
#      LUT4                        : 5
#      MUXCY                       : 7
#      VCC                         : 1
#      XORCY                       : 8
# FlipFlops/Latches                : 9
#      FDC                         : 8
#      FDP_1                       : 1
# Clock Buffers                    : 1
#      BUFGP                       : 1
# IO Buffers                       : 17
#      IBUF                        : 8
#      OBUF                        : 9
=========================================================================

Device utilization summary:
---------------------------

Selected Device : 3s100ecp132-4 

 Number of Slices:                        7  out of    960     0%  
 Number of Slice Flip Flops:              8  out of   1920     0%  
 Number of 4 input LUTs:                 13  out of   1920     0%  
 Number of IOs:                          18
 Number of bonded IOBs:                  18  out of     83    21%  
    IOB Flip Flops:                       1
 Number of GCLKs:                         1  out of     24     4%  

---------------------------
Partition Resource Summary:
---------------------------

  No Partitions were found in this design.

---------------------------


=========================================================================
TIMING REPORT

NOTE: THESE TIMING NUMBERS ARE ONLY A SYNTHESIS ESTIMATE.
      FOR ACCURATE TIMING INFORMATION PLEASE REFER TO THE TRACE REPORT
      GENERATED AFTER PLACE-and-ROUTE.

Clock Information:
------------------
-----------------------------------+------------------------+-------+
Clock Signal                       | Clock buffer(FF name)  | Load  |
-----------------------------------+------------------------+-------+
CP                                 | BUFGP                  | 9     |
-----------------------------------+------------------------+-------+

Asynchronous Control Signals Information:
----------------------------------------
-----------------------------------+------------------------+-------+
Control Signal                     | Buffer(FF name)        | Load  |
-----------------------------------+------------------------+-------+
CLR__inv(CLR__inv165:O)            | NONE(QCC)              | 9     |
-----------------------------------+------------------------+-------+

Timing Summary:
---------------
Speed Grade: -4

   Minimum period: 3.872ns (Maximum Frequency: 258.264MHz)
   Minimum input arrival time before clock: No path found
   Maximum output required time after clock: 4.394ns
   Maximum combinational path delay: No path found

Timing Detail:
--------------
All values displayed in nanoseconds (ns)

=========================================================================
Timing constraint: Default period analysis for Clock 'CP'
  Clock period: 3.872ns (frequency: 258.264MHz)
  Total number of paths / destination ports: 36 / 8
-------------------------------------------------------------------------
Delay:               3.872ns (Levels of Logic = 8)
  Source:            TC1/Q_1 (FF)
  Destination:       TC1/Q_7 (FF)
  Source Clock:      CP rising
  Destination Clock: CP rising

  Data Path: TC1/Q_1 to TC1/Q_7
                                Gate     Net
    Cell:in->out      fanout   Delay   Delay  Logical Name (Net Name)
    ----------------------------------------  ------------
     FDC:C->Q              3   0.591   0.706  TC1/Q_1 (TC1/Q_1)
     LUT1:I0->O            1   0.704   0.000  TC1/Mcount_Q_cy<1>_rt (TC1/Mcount_Q_cy<1>_rt)
     MUXCY:S->O            1   0.464   0.000  TC1/Mcount_Q_cy<1> (TC1/Mcount_Q_cy<1>)
     MUXCY:CI->O           1   0.059   0.000  TC1/Mcount_Q_cy<2> (TC1/Mcount_Q_cy<2>)
     MUXCY:CI->O           1   0.059   0.000  TC1/Mcount_Q_cy<3> (TC1/Mcount_Q_cy<3>)
     MUXCY:CI->O           1   0.059   0.000  TC1/Mcount_Q_cy<4> (TC1/Mcount_Q_cy<4>)
     MUXCY:CI->O           1   0.059   0.000  TC1/Mcount_Q_cy<5> (TC1/Mcount_Q_cy<5>)
     MUXCY:CI->O           0   0.059   0.000  TC1/Mcount_Q_cy<6> (TC1/Mcount_Q_cy<6>)
     XORCY:CI->O           1   0.804   0.000  TC1/Mcount_Q_xor<7> (Result<7>)
     FDC:D                     0.308          TC1/Q_7
    ----------------------------------------
    Total                      3.872ns (3.166ns logic, 0.706ns route)
                                       (81.8% logic, 18.2% route)

=========================================================================
Timing constraint: Default OFFSET OUT AFTER for Clock 'CP'
  Total number of paths / destination ports: 9 / 9
-------------------------------------------------------------------------
Offset:              4.394ns (Levels of Logic = 1)
  Source:            TC1/Q_7 (FF)
  Destination:       Q<7> (PAD)
  Source Clock:      CP rising

  Data Path: TC1/Q_7 to Q<7>
                                Gate     Net
    Cell:in->out      fanout   Delay   Delay  Logical Name (Net Name)
    ----------------------------------------  ------------
     FDC:C->Q              3   0.591   0.531  TC1/Q_7 (TC1/Q_7)
     OBUF:I->O                 3.272          Q_7_OBUF (Q<7>)
    ----------------------------------------
    Total                      4.394ns (3.863ns logic, 0.531ns route)
                                       (87.9% logic, 12.1% route)

=========================================================================


Total REAL time to Xst completion: 5.00 secs
Total CPU time to Xst completion: 4.71 secs
 
--> 

Total memory usage is 260160 kilobytes

Number of errors   :    0 (   0 filtered)
Number of warnings :    5 (   0 filtered)
Number of infos    :    0 (   0 filtered)

